2023-11-06 17:59:36 -> admin LOGIN
2023-11-06 17:59:37 -> admin LOGOUT
2023-11-06 17:59:43 -> alex LOGIN
2023-11-06 17:59:44 -> alex LOGOUT
2023-11-06 18:11:54 -> admin LOGIN
2023-11-06 18:12:07 -> admin LOGOUT
2023-11-06 18:18:29 -> admin LOGIN
2023-11-07 18:28:07 -> admin LOGIN
2023-11-07 18:29:20 -> admin LOGOUT
2023-11-07 18:31:02 -> admin LOGIN
2023-11-07 18:31:32 -> admin LOGOUT
2023-11-07 18:35:03 -> admin LOGIN
2023-11-07 18:35:25 -> admin LOGIN
2023-11-07 18:37:15 -> admin LOGIN
2023-11-07 18:37:33 -> admin LOGOUT
2023-11-07 18:53:22 -> admin LOGIN
2023-11-07 18:53:46 -> admin LOGOUT
2023-11-07 18:55:14 -> admin LOGIN
2023-11-07 19:05:17 -> admin LOGIN
2023-11-07 19:05:40 -> admin LOGOUT
2023-11-09 18:38:12 -> admin LOGIN
2023-11-09 18:38:50 -> admin LOGOUT
2023-11-10 16:17:03 -> admin LOGIN
2023-11-10 16:19:14 -> admin LOGIN
2023-11-10 16:22:16 -> admin LOGIN
2023-11-10 16:22:46 -> admin LOGOUT
2023-11-10 16:24:17 -> admin LOGIN
2023-11-10 16:24:33 -> admin LOGOUT
2023-11-10 16:27:01 -> admin LOGIN
2023-11-10 16:29:18 -> admin LOGIN
2023-11-10 16:30:13 -> admin LOGOUT
2023-11-10 16:44:33 -> admin LOGIN
2023-11-10 16:44:52 -> admin LOGOUT
2023-11-10 16:45:08 -> admin LOGIN
2023-11-10 16:45:17 -> admin LOGOUT
2023-11-13 16:55:45 -> admin LOGIN
2023-11-13 16:55:49 -> admin LOGOUT
2023-11-13 16:55:52 -> admin LOGIN
2023-11-13 16:55:55 -> admin LOGOUT
2023-11-13 16:56:01 -> admin LOGIN
2023-11-13 16:56:06 -> admin LOGOUT
2023-11-13 16:56:12 -> alex LOGIN
2023-11-13 17:02:37 -> alex LOGIN
2023-11-13 17:02:42 -> alex LOGOUT
2023-11-13 17:02:47 -> admin LOGIN
2023-11-13 17:03:03 -> admin LOGOUT
2023-11-13 17:05:41 -> alex LOGIN
2023-11-13 17:06:46 -> alex LOGIN
2023-11-13 17:06:58 -> admin LOGIN
2023-11-13 17:07:32 -> admin LOGOUT
2023-11-13 17:13:20 -> admin LOGIN
2023-11-13 17:32:48 -> admin LOGOUT
2023-11-13 17:46:32 -> admin LOGIN
2023-11-13 17:46:49 -> admin LOGOUT
2023-11-13 17:48:39 -> admin LOGIN
2023-11-13 17:49:07 -> admin LOGIN
2023-11-13 17:49:22 -> admin LOGOUT
2023-11-13 17:49:30 -> alex LOGIN
2023-11-13 17:49:31 -> alex LOGOUT
2023-11-13 17:53:28 -> admin LOGIN
2023-11-13 18:48:15 -> admin LOGIN
2023-11-13 18:48:16 -> admin LOGOUT
2023-11-13 18:50:41 -> admin LOGIN
2023-11-13 18:50:42 -> admin LOGOUT
2023-11-13 18:50:49 -> admin LOGIN
2023-11-13 18:50:50 -> admin LOGOUT
2023-11-17 16:12:19 -> admin LOGIN
2023-11-17 16:28:48 -> admin LOGIN
2023-11-17 16:28:51 -> admin LOGOUT
2023-11-17 16:29:02 -> admin LOGIN
2023-11-17 16:29:18 -> admin LOGOUT
2023-11-17 16:29:23 -> alex LOGIN
2023-11-17 16:29:23 -> alex LOGOUT
2023-11-17 16:29:31 -> alex LOGIN
2023-11-17 16:29:32 -> alex LOGOUT
2023-11-20 18:02:40 -> admin LOGIN
2023-11-20 18:02:41 -> admin LOGOUT
2023-11-20 18:05:35 -> admin LOGIN
2023-11-20 18:05:53 -> admin LOGOUT
2023-11-20 18:05:59 -> alex LOGIN
2023-11-20 18:06:01 -> alex LOGOUT
2023-11-23 19:05:11 -> admin LOGIN
2023-11-23 19:05:17 -> admin LOGOUT
2023-11-23 19:05:24 -> alex LOGIN
2023-11-23 19:05:29 -> alex LOGOUT
2023-11-30 19:01:04 -> admin LOGIN
2023-11-30 19:10:03 -> admin LOGIN
2023-11-30 19:10:05 -> admin LOGOUT
2023-11-30 19:13:14 -> admin LOGIN
2023-11-30 19:13:15 -> admin LOGOUT
2023-11-30 19:13:53 -> admin LOGIN
2023-11-30 19:13:54 -> admin LOGOUT
2023-11-30 19:14:11 -> admin LOGIN
2023-11-30 19:14:11 -> admin LOGOUT
2023-12-01 16:41:27 -> admin LOGIN
2023-12-01 16:41:41 -> admin LOGOUT
2023-12-01 16:42:02 -> admin LOGIN
2023-12-01 16:42:10 -> admin LOGOUT
2023-12-01 16:42:12 -> a LOGIN
2023-12-01 16:42:14 -> a LOGOUT
2023-12-01 16:49:56 -> admin LOGIN
2023-12-01 16:49:58 -> admin LOGOUT
